{"numTotalTestSuites":48,"numPassedTestSuites":42,"numFailedTestSuites":6,"numPendingTestSuites":0,"numTotalTests":36,"numPassedTests":33,"numFailedTests":3,"numPendingTests":0,"numTodoTests":0,"snapshot":{"added":0,"failure":false,"filesAdded":0,"filesRemoved":0,"filesRemovedList":[],"filesUnmatched":0,"filesUpdated":0,"matched":0,"total":0,"unchecked":0,"uncheckedKeysByFile":[],"unmatched":0,"updated":0,"didUpdate":false},"startTime":1774529662146,"success":false,"testResults":[{"assertionResults":[{"ancestorTitles":["associateKnowledgeHandler"],"fullName":"associateKnowledgeHandler should call PUT to update knowledge documents","status":"passed","title":"should call PUT to update knowledge documents","duration":2.9024,"failureMessages":[],"meta":{},"tags":[]},{"ancestorTitles":["associateKnowledgeHandler"],"fullName":"associateKnowledgeHandler should throw if missing arguments","status":"passed","title":"should throw if missing arguments","duration":1.751800000000003,"failureMessages":[],"meta":{},"tags":[]}],"startTime":1774529662653,"endTime":1774529662657.7517,"status":"passed","message":"","name":"C:/Users/Marco/Documents/projects/botuyo-mcp/src/tools/__tests__/associate_knowledge.spec.ts"},{"assertionResults":[{"ancestorTitles":["configureAgentToolHandler"],"fullName":"configureAgentToolHandler should call the botuyo backend with correct PUT request","status":"passed","title":"should call the botuyo backend with correct PUT request","duration":3.549799999999948,"failureMessages":[],"meta":{},"tags":[]},{"ancestorTitles":["configureAgentToolHandler"],"fullName":"configureAgentToolHandler should throw error if agentId or toolName is missing","status":"passed","title":"should throw error if agentId or toolName is missing","duration":1.8441000000000258,"failureMessages":[],"meta":{},"tags":[]}],"startTime":1774529662590,"endTime":1774529662594.844,"status":"passed","message":"","name":"C:/Users/Marco/Documents/projects/botuyo-mcp/src/tools/__tests__/configure_agent_tool.spec.ts"},{"assertionResults":[{"ancestorTitles":["createAgentHandler"],"fullName":"createAgentHandler should call POST /api/v1/mcp/agents with name and description","status":"passed","title":"should call POST /api/v1/mcp/agents with name and description","duration":2.3064999999999714,"failureMessages":[],"meta":{},"tags":[]},{"ancestorTitles":["createAgentHandler"],"fullName":"createAgentHandler should throw if name is missing","status":"failed","title":"should throw if name is missing","duration":8.873300000000029,"failureMessages":["Error: promise resolved \"{ success: true, data: { ÔÇª(4) } }\" instead of rejecting\n    at _Assertion.__VITEST_REJECTS__ (file:///C:/Users/Marco/Documents/projects/botuyo-mcp/node_modules/@vitest/expect/dist/index.js:1746:17)\n    at _Assertion.propertyGetter (file:///C:/Users/Marco/Documents/projects/botuyo-mcp/node_modules/chai/index.js:1570:27)\n    at Reflect.get (<anonymous>)\n    at Object.proxyGetter [as get] (file:///C:/Users/Marco/Documents/projects/botuyo-mcp/node_modules/chai/index.js:1659:22)\n    at C:/Users/Marco/Documents/projects/botuyo-mcp/src/tools/__tests__/create_agent.spec.ts:28:49\n    at file:///C:/Users/Marco/Documents/projects/botuyo-mcp/node_modules/@vitest/runner/dist/chunk-artifact.js:302:11\n    at file:///C:/Users/Marco/Documents/projects/botuyo-mcp/node_modules/@vitest/runner/dist/chunk-artifact.js:1893:26\n    at file:///C:/Users/Marco/Documents/projects/botuyo-mcp/node_modules/@vitest/runner/dist/chunk-artifact.js:2316:20\n    at new Promise (<anonymous>)\n    at runWithCancel (file:///C:/Users/Marco/Documents/projects/botuyo-mcp/node_modules/@vitest/runner/dist/chunk-artifact.js:2313:10)"],"meta":{},"tags":[]}],"startTime":1774529662445,"endTime":1774529662456.8733,"status":"failed","message":"","name":"C:/Users/Marco/Documents/projects/botuyo-mcp/src/tools/__tests__/create_agent.spec.ts"},{"assertionResults":[{"ancestorTitles":["createFromTemplateHandler"],"fullName":"createFromTemplateHandler should POST to /api/v1/mcp/agents/from-template with template args","status":"passed","title":"should POST to /api/v1/mcp/agents/from-template with template args","duration":1.612799999999993,"failureMessages":[],"meta":{},"tags":[]}],"startTime":1774529662668,"endTime":1774529662669.6128,"status":"passed","message":"","name":"C:/Users/Marco/Documents/projects/botuyo-mcp/src/tools/__tests__/create_from_template.spec.ts"},{"assertionResults":[{"ancestorTitles":["deleteAgentHandler"],"fullName":"deleteAgentHandler should not delete if confirmation fails","status":"failed","title":"should not delete if confirmation fails","duration":10.391200000000026,"failureMessages":["Error: expected { Object (error) } to match object { success: false }\n(1 matching property omitted from actual)\n    at _Assertion.__VITEST_RESOLVES__ (file:///C:/Users/Marco/Documents/projects/botuyo-mcp/node_modules/@vitest/expect/dist/index.js:1709:17)\n    at _Assertion.propertyGetter (file:///C:/Users/Marco/Documents/projects/botuyo-mcp/node_modules/chai/index.js:1570:27)\n    at Reflect.get (<anonymous>)\n    at Object.proxyGetter [as get] (file:///C:/Users/Marco/Documents/projects/botuyo-mcp/node_modules/chai/index.js:1659:22)\n    at C:/Users/Marco/Documents/projects/botuyo-mcp/src/tools/__tests__/delete_agent.spec.ts:21:111\n    at file:///C:/Users/Marco/Documents/projects/botuyo-mcp/node_modules/@vitest/runner/dist/chunk-artifact.js:302:11\n    at file:///C:/Users/Marco/Documents/projects/botuyo-mcp/node_modules/@vitest/runner/dist/chunk-artifact.js:1893:26\n    at file:///C:/Users/Marco/Documents/projects/botuyo-mcp/node_modules/@vitest/runner/dist/chunk-artifact.js:2316:20\n    at new Promise (<anonymous>)\n    at runWithCancel (file:///C:/Users/Marco/Documents/projects/botuyo-mcp/node_modules/@vitest/runner/dist/chunk-artifact.js:2313:10)"],"meta":{},"tags":[]},{"ancestorTitles":["deleteAgentHandler"],"fullName":"deleteAgentHandler should delete if confirmation matches name","status":"passed","title":"should delete if confirmation matches name","duration":0.8856000000000108,"failureMessages":[],"meta":{},"tags":[]}],"startTime":1774529662479,"endTime":1774529662489.8855,"status":"failed","message":"","name":"C:/Users/Marco/Documents/projects/botuyo-mcp/src/tools/__tests__/delete_agent.spec.ts"},{"assertionResults":[{"ancestorTitles":["deleteKnowledgeDocHandler"],"fullName":"deleteKnowledgeDocHandler should DELETE document by ID","status":"passed","title":"should DELETE document by ID","duration":1.2486999999999853,"failureMessages":[],"meta":{},"tags":[]}],"startTime":1774529662808,"endTime":1774529662809.2488,"status":"passed","message":"","name":"C:/Users/Marco/Documents/projects/botuyo-mcp/src/tools/__tests__/delete_knowledge_doc.spec.ts"},{"assertionResults":[{"ancestorTitles":["exampleAgentHandler"],"fullName":"exampleAgentHandler should return a static agent configuration object","status":"passed","title":"should return a static agent configuration object","duration":1.4451999999999998,"failureMessages":[],"meta":{},"tags":[]}],"startTime":1774529662808,"endTime":1774529662809.4453,"status":"passed","message":"","name":"C:/Users/Marco/Documents/projects/botuyo-mcp/src/tools/__tests__/example_agent.spec.ts"},{"assertionResults":[{"ancestorTitles":["exportAgentJsonHandler"],"fullName":"exportAgentJsonHandler should fetch export data and mock write file correctly","status":"passed","title":"should fetch export data and mock write file correctly","duration":4.472399999999993,"failureMessages":[],"meta":{},"tags":[]}],"startTime":1774529662619,"endTime":1774529662623.4724,"status":"passed","message":"","name":"C:/Users/Marco/Documents/projects/botuyo-mcp/src/tools/__tests__/export_agent_json.spec.ts"},{"assertionResults":[{"ancestorTitles":["getAgentHandler"],"fullName":"getAgentHandler should GET agent dynamically by ID","status":"passed","title":"should GET agent dynamically by ID","duration":2.035599999999988,"failureMessages":[],"meta":{},"tags":[]},{"ancestorTitles":["getAgentHandler"],"fullName":"getAgentHandler throws on missing agentId","status":"passed","title":"throws on missing agentId","duration":2.1491000000000327,"failureMessages":[],"meta":{},"tags":[]}],"startTime":1774529662501,"endTime":1774529662505.1492,"status":"passed","message":"","name":"C:/Users/Marco/Documents/projects/botuyo-mcp/src/tools/__tests__/get_agent.spec.ts"},{"assertionResults":[{"ancestorTitles":["getAgentStatusHandler"],"fullName":"getAgentStatusHandler should call GET /api/v1/mcp/agents/:id/status","status":"passed","title":"should call GET /api/v1/mcp/agents/:id/status","duration":1.989400000000046,"failureMessages":[],"meta":{},"tags":[]}],"startTime":1774529662732,"endTime":1774529662733.9895,"status":"passed","message":"","name":"C:/Users/Marco/Documents/projects/botuyo-mcp/src/tools/__tests__/get_agent_status.spec.ts"},{"assertionResults":[{"ancestorTitles":["getToolConfigHandler"],"fullName":"getToolConfigHandler should perform GET request to fetch tool config","status":"passed","title":"should perform GET request to fetch tool config","duration":1.9449000000000183,"failureMessages":[],"meta":{},"tags":[]}],"startTime":1774529662712,"endTime":1774529662713.9448,"status":"passed","message":"","name":"C:/Users/Marco/Documents/projects/botuyo-mcp/src/tools/__tests__/get_tool_config.spec.ts"},{"assertionResults":[{"ancestorTitles":["importAgentJsonHandler"],"fullName":"importAgentJsonHandler should process inline config successfully","status":"passed","title":"should process inline config successfully","duration":2.212500000000034,"failureMessages":[],"meta":{},"tags":[]},{"ancestorTitles":["importAgentJsonHandler"],"fullName":"importAgentJsonHandler should return error if missing agentId","status":"passed","title":"should return error if missing agentId","duration":0.4655999999999949,"failureMessages":[],"meta":{},"tags":[]}],"startTime":1774529662684,"endTime":1774529662686.4656,"status":"passed","message":"","name":"C:/Users/Marco/Documents/projects/botuyo-mcp/src/tools/__tests__/import_agent_json.spec.ts"},{"assertionResults":[{"ancestorTitles":["listAgentsHandler"],"fullName":"listAgentsHandler should call GET /api/v1/mcp/agents","status":"passed","title":"should call GET /api/v1/mcp/agents","duration":1.231899999999996,"failureMessages":[],"meta":{},"tags":[]}],"startTime":1774529662808,"endTime":1774529662809.232,"status":"passed","message":"","name":"C:/Users/Marco/Documents/projects/botuyo-mcp/src/tools/__tests__/list_agents.spec.ts"},{"assertionResults":[{"ancestorTitles":["listToolsHandler"],"fullName":"listToolsHandler should call GET /api/v1/mcp/tools","status":"passed","title":"should call GET /api/v1/mcp/tools","duration":1.7475999999999772,"failureMessages":[],"meta":{},"tags":[]}],"startTime":1774529662673,"endTime":1774529662674.7476,"status":"passed","message":"","name":"C:/Users/Marco/Documents/projects/botuyo-mcp/src/tools/__tests__/list_available_tools.spec.ts"},{"assertionResults":[{"ancestorTitles":["listBaseToolsHandler"],"fullName":"listBaseToolsHandler should render base tools with their connectors","status":"passed","title":"should render base tools with their connectors","duration":2.224800000000016,"failureMessages":[],"meta":{},"tags":[]}],"startTime":1774529662677,"endTime":1774529662679.2249,"status":"passed","message":"","name":"C:/Users/Marco/Documents/projects/botuyo-mcp/src/tools/__tests__/list_base_tools.spec.ts"},{"assertionResults":[{"ancestorTitles":["listKnowledgeDocsHandler"],"fullName":"listKnowledgeDocsHandler should GET knowledge documents with pagination params","status":"passed","title":"should GET knowledge documents with pagination params","duration":1.830000000000041,"failureMessages":[],"meta":{},"tags":[]},{"ancestorTitles":["listKnowledgeDocsHandler"],"fullName":"listKnowledgeDocsHandler should GET without params if not provided","status":"passed","title":"should GET without params if not provided","duration":0.29410000000001446,"failureMessages":[],"meta":{},"tags":[]}],"startTime":1774529662653,"endTime":1774529662655.2942,"status":"passed","message":"","name":"C:/Users/Marco/Documents/projects/botuyo-mcp/src/tools/__tests__/list_knowledge_docs.spec.ts"},{"assertionResults":[{"ancestorTitles":["listTemplatesHandler"],"fullName":"listTemplatesHandler should call GET /api/v1/mcp/templates","status":"passed","title":"should call GET /api/v1/mcp/templates","duration":1.4703000000000088,"failureMessages":[],"meta":{},"tags":[]}],"startTime":1774529662829,"endTime":1774529662830.4702,"status":"passed","message":"","name":"C:/Users/Marco/Documents/projects/botuyo-mcp/src/tools/__tests__/list_templates.spec.ts"},{"assertionResults":[{"ancestorTitles":["listToolConfigsHandler"],"fullName":"listToolConfigsHandler should list tools separating native and configured ones","status":"passed","title":"should list tools separating native and configured ones","duration":2.167100000000005,"failureMessages":[],"meta":{},"tags":[]},{"ancestorTitles":["listToolConfigsHandler"],"fullName":"listToolConfigsHandler should throw an error if agentId is missing","status":"passed","title":"should throw an error if agentId is missing","duration":1.474800000000016,"failureMessages":[],"meta":{},"tags":[]}],"startTime":1774529662511,"endTime":1774529662514.4749,"status":"passed","message":"","name":"C:/Users/Marco/Documents/projects/botuyo-mcp/src/tools/__tests__/list_tool_configs.spec.ts"},{"assertionResults":[{"ancestorTitles":["publishAgentHandler"],"fullName":"publishAgentHandler should call PUT /api/v1/mcp/agents/:id/publish","status":"passed","title":"should call PUT /api/v1/mcp/agents/:id/publish","duration":2.0086000000000013,"failureMessages":[],"meta":{},"tags":[]}],"startTime":1774529662697,"endTime":1774529662699.0085,"status":"passed","message":"","name":"C:/Users/Marco/Documents/projects/botuyo-mcp/src/tools/__tests__/publish_agent.spec.ts"},{"assertionResults":[{"ancestorTitles":["removeToolConfigHandler"],"fullName":"removeToolConfigHandler should perform DELETE request with removeFromEnabled=true","status":"passed","title":"should perform DELETE request with removeFromEnabled=true","duration":1.784400000000005,"failureMessages":[],"meta":{},"tags":[]},{"ancestorTitles":["removeToolConfigHandler"],"fullName":"removeToolConfigHandler should perform DELETE request without query param if removeFromEnabled is omitted","status":"passed","title":"should perform DELETE request without query param if removeFromEnabled is omitted","duration":0.3061999999999898,"failureMessages":[],"meta":{},"tags":[]},{"ancestorTitles":["removeToolConfigHandler"],"fullName":"removeToolConfigHandler should throw if missing arguments","status":"passed","title":"should throw if missing arguments","duration":1.330600000000004,"failureMessages":[],"meta":{},"tags":[]}],"startTime":1774529662585,"endTime":1774529662589.3306,"status":"passed","message":"","name":"C:/Users/Marco/Documents/projects/botuyo-mcp/src/tools/__tests__/remove_tool_config.spec.ts"},{"assertionResults":[{"ancestorTitles":["switchTenantHandler"],"fullName":"switchTenantHandler should list tenants when no tenantId provided","status":"passed","title":"should list tenants when no tenantId provided","duration":44.16500000000002,"failureMessages":[],"meta":{},"tags":[]},{"ancestorTitles":["switchTenantHandler"],"fullName":"switchTenantHandler should switch tenant when valid tenantId provided","status":"failed","title":"should switch tenant when valid tenantId provided","duration":12.17009999999999,"failureMessages":["AssertionError: expected false to be true // Object.is equality\n    at C:/Users/Marco/Documents/projects/botuyo-mcp/src/tools/__tests__/switch_tenant.spec.ts:38:110\n    at file:///C:/Users/Marco/Documents/projects/botuyo-mcp/node_modules/@vitest/runner/dist/chunk-artifact.js:1893:20"],"meta":{},"tags":[]}],"startTime":1774529662552,"endTime":1774529662608.1702,"status":"failed","message":"","name":"C:/Users/Marco/Documents/projects/botuyo-mcp/src/tools/__tests__/switch_tenant.spec.ts"},{"assertionResults":[{"ancestorTitles":["updateAgentHandler"],"fullName":"updateAgentHandler should call PUT /api/v1/mcp/agents/:id","status":"passed","title":"should call PUT /api/v1/mcp/agents/:id","duration":1.9502999999999702,"failureMessages":[],"meta":{},"tags":[]},{"ancestorTitles":["updateAgentHandler"],"fullName":"updateAgentHandler should require agentId","status":"passed","title":"should require agentId","duration":1.5866999999999507,"failureMessages":[],"meta":{},"tags":[]}],"startTime":1774529662623,"endTime":1774529662627.5867,"status":"passed","message":"","name":"C:/Users/Marco/Documents/projects/botuyo-mcp/src/tools/__tests__/update_agent.spec.ts"},{"assertionResults":[{"ancestorTitles":["updateEnabledToolsHandler"],"fullName":"updateEnabledToolsHandler should call PUT to replace enabled tools","status":"passed","title":"should call PUT to replace enabled tools","duration":2.719599999999957,"failureMessages":[],"meta":{},"tags":[]}],"startTime":1774529662651,"endTime":1774529662653.7195,"status":"passed","message":"","name":"C:/Users/Marco/Documents/projects/botuyo-mcp/src/tools/__tests__/update_enabled_tools.spec.ts"},{"assertionResults":[{"ancestorTitles":["upsertStageHandler"],"fullName":"upsertStageHandler should PUT merged stage, connections and channelFlows","status":"passed","title":"should PUT merged stage, connections and channelFlows","duration":1.3448000000000206,"failureMessages":[],"meta":{},"tags":[]}],"startTime":1774529662825,"endTime":1774529662826.3447,"status":"passed","message":"","name":"C:/Users/Marco/Documents/projects/botuyo-mcp/src/tools/__tests__/upsert_stage.spec.ts"}]}
